[debug] [2024-05-09T20:13:03.771Z] ----------------------------------------------------------------------
[debug] [2024-05-09T20:13:03.773Z] Command:       /home/jlm/.nvm/versions/node/v20.11.0/bin/node /home/jlm/.nvm/versions/node/v20.11.0/bin/firebase deploy --only functions
[debug] [2024-05-09T20:13:03.774Z] CLI Version:   13.8.0
[debug] [2024-05-09T20:13:03.774Z] Platform:      linux
[debug] [2024-05-09T20:13:03.774Z] Node Version:  v20.11.0
[debug] [2024-05-09T20:13:03.774Z] Time:          Thu May 09 2024 22:13:03 GMT+0200 (Central European Summer Time)
[debug] [2024-05-09T20:13:03.774Z] ----------------------------------------------------------------------
[debug] 
[debug] [2024-05-09T20:13:03.852Z] > command requires scopes: ["email","openid","https://www.googleapis.com/auth/cloudplatformprojects.readonly","https://www.googleapis.com/auth/firebase","https://www.googleapis.com/auth/cloud-platform"]
[debug] [2024-05-09T20:13:03.852Z] > authorizing via signed-in user (jl.mont.mont@gmail.com)
[debug] [2024-05-09T20:13:03.852Z] [iam] checking project bit2me-trading for permissions ["cloudfunctions.functions.create","cloudfunctions.functions.delete","cloudfunctions.functions.get","cloudfunctions.functions.list","cloudfunctions.functions.update","cloudfunctions.operations.get","firebase.projects.get"]
[debug] [2024-05-09T20:13:03.854Z] >>> [apiv2][query] POST https://cloudresourcemanager.googleapis.com/v1/projects/bit2me-trading:testIamPermissions [none]
[debug] [2024-05-09T20:13:03.855Z] >>> [apiv2][(partial)header] POST https://cloudresourcemanager.googleapis.com/v1/projects/bit2me-trading:testIamPermissions x-goog-quota-user=projects/bit2me-trading
[debug] [2024-05-09T20:13:03.855Z] >>> [apiv2][body] POST https://cloudresourcemanager.googleapis.com/v1/projects/bit2me-trading:testIamPermissions {"permissions":["cloudfunctions.functions.create","cloudfunctions.functions.delete","cloudfunctions.functions.get","cloudfunctions.functions.list","cloudfunctions.functions.update","cloudfunctions.operations.get","firebase.projects.get"]}
[debug] [2024-05-09T20:13:04.590Z] <<< [apiv2][status] POST https://cloudresourcemanager.googleapis.com/v1/projects/bit2me-trading:testIamPermissions 200
[debug] [2024-05-09T20:13:04.590Z] <<< [apiv2][body] POST https://cloudresourcemanager.googleapis.com/v1/projects/bit2me-trading:testIamPermissions {"permissions":["cloudfunctions.functions.create","cloudfunctions.functions.delete","cloudfunctions.functions.get","cloudfunctions.functions.list","cloudfunctions.functions.update","cloudfunctions.operations.get","firebase.projects.get"]}
[debug] [2024-05-09T20:13:04.591Z] >>> [apiv2][query] POST https://iam.googleapis.com/v1/projects/bit2me-trading/serviceAccounts/bit2me-trading@appspot.gserviceaccount.com:testIamPermissions [none]
[debug] [2024-05-09T20:13:04.591Z] >>> [apiv2][body] POST https://iam.googleapis.com/v1/projects/bit2me-trading/serviceAccounts/bit2me-trading@appspot.gserviceaccount.com:testIamPermissions {"permissions":["iam.serviceAccounts.actAs"]}
[debug] [2024-05-09T20:13:05.285Z] <<< [apiv2][status] POST https://iam.googleapis.com/v1/projects/bit2me-trading/serviceAccounts/bit2me-trading@appspot.gserviceaccount.com:testIamPermissions 200
[debug] [2024-05-09T20:13:05.286Z] <<< [apiv2][body] POST https://iam.googleapis.com/v1/projects/bit2me-trading/serviceAccounts/bit2me-trading@appspot.gserviceaccount.com:testIamPermissions {"permissions":["iam.serviceAccounts.actAs"]}
[info] 
[info] === Deploying to 'bit2me-trading'...
[info] 
[info] i  deploying functions 
[info] Running command: npm --prefix "$RESOURCE_DIR" run lint
[info] ✔  functions: Finished running predeploy script. 
[debug] [2024-05-09T20:13:06.240Z] >>> [apiv2][query] GET https://firebase.googleapis.com/v1beta1/projects/bit2me-trading [none]
[debug] [2024-05-09T20:13:06.485Z] <<< [apiv2][status] GET https://firebase.googleapis.com/v1beta1/projects/bit2me-trading 200
[debug] [2024-05-09T20:13:06.485Z] <<< [apiv2][body] GET https://firebase.googleapis.com/v1beta1/projects/bit2me-trading {"projectId":"bit2me-trading","projectNumber":"353175042330","displayName":"bit2me-trading","name":"projects/bit2me-trading","resources":{"hostingSite":"bit2me-trading","realtimeDatabaseInstance":"bit2me-trading-default-rtdb"},"state":"ACTIVE","etag":"1_5a21a238-d33f-4e09-969d-03afb14a8c90"}
[info] i  functions: preparing codebase default for deployment 
[info] i  functions: ensuring required API cloudfunctions.googleapis.com is enabled... 
[info] i  functions: ensuring required API cloudbuild.googleapis.com is enabled... 
[info] i  artifactregistry: ensuring required API artifactregistry.googleapis.com is enabled... 
[debug] [2024-05-09T20:13:06.489Z] >>> [apiv2][query] GET https://serviceusage.googleapis.com/v1/projects/bit2me-trading/services/cloudfunctions.googleapis.com [none]
[debug] [2024-05-09T20:13:06.489Z] >>> [apiv2][(partial)header] GET https://serviceusage.googleapis.com/v1/projects/bit2me-trading/services/cloudfunctions.googleapis.com x-goog-quota-user=projects/bit2me-trading
[debug] [2024-05-09T20:13:06.491Z] >>> [apiv2][query] GET https://serviceusage.googleapis.com/v1/projects/bit2me-trading/services/runtimeconfig.googleapis.com [none]
[debug] [2024-05-09T20:13:06.492Z] >>> [apiv2][(partial)header] GET https://serviceusage.googleapis.com/v1/projects/bit2me-trading/services/runtimeconfig.googleapis.com x-goog-quota-user=projects/bit2me-trading
[debug] [2024-05-09T20:13:06.493Z] >>> [apiv2][query] GET https://serviceusage.googleapis.com/v1/projects/bit2me-trading/services/cloudbuild.googleapis.com [none]
[debug] [2024-05-09T20:13:06.493Z] >>> [apiv2][(partial)header] GET https://serviceusage.googleapis.com/v1/projects/bit2me-trading/services/cloudbuild.googleapis.com x-goog-quota-user=projects/bit2me-trading
[debug] [2024-05-09T20:13:06.494Z] >>> [apiv2][query] GET https://serviceusage.googleapis.com/v1/projects/bit2me-trading/services/artifactregistry.googleapis.com [none]
[debug] [2024-05-09T20:13:06.494Z] >>> [apiv2][(partial)header] GET https://serviceusage.googleapis.com/v1/projects/bit2me-trading/services/artifactregistry.googleapis.com x-goog-quota-user=projects/bit2me-trading
[debug] [2024-05-09T20:13:07.423Z] <<< [apiv2][status] GET https://serviceusage.googleapis.com/v1/projects/bit2me-trading/services/cloudbuild.googleapis.com 200
[debug] [2024-05-09T20:13:07.423Z] <<< [apiv2][body] GET https://serviceusage.googleapis.com/v1/projects/bit2me-trading/services/cloudbuild.googleapis.com [omitted]
[info] ✔  functions: required API cloudbuild.googleapis.com is enabled 
[debug] [2024-05-09T20:13:07.429Z] <<< [apiv2][status] GET https://serviceusage.googleapis.com/v1/projects/bit2me-trading/services/runtimeconfig.googleapis.com 200
[debug] [2024-05-09T20:13:07.429Z] <<< [apiv2][body] GET https://serviceusage.googleapis.com/v1/projects/bit2me-trading/services/runtimeconfig.googleapis.com [omitted]
[debug] [2024-05-09T20:13:07.468Z] <<< [apiv2][status] GET https://serviceusage.googleapis.com/v1/projects/bit2me-trading/services/artifactregistry.googleapis.com 200
[debug] [2024-05-09T20:13:07.468Z] <<< [apiv2][body] GET https://serviceusage.googleapis.com/v1/projects/bit2me-trading/services/artifactregistry.googleapis.com [omitted]
[info] ✔  artifactregistry: required API artifactregistry.googleapis.com is enabled 
[debug] [2024-05-09T20:13:07.472Z] <<< [apiv2][status] GET https://serviceusage.googleapis.com/v1/projects/bit2me-trading/services/cloudfunctions.googleapis.com 200
[debug] [2024-05-09T20:13:07.472Z] <<< [apiv2][body] GET https://serviceusage.googleapis.com/v1/projects/bit2me-trading/services/cloudfunctions.googleapis.com [omitted]
[info] ✔  functions: required API cloudfunctions.googleapis.com is enabled 
[debug] [2024-05-09T20:13:07.473Z] >>> [apiv2][query] GET https://firebase.googleapis.com/v1beta1/projects/bit2me-trading/adminSdkConfig [none]
[debug] [2024-05-09T20:13:07.834Z] <<< [apiv2][status] GET https://firebase.googleapis.com/v1beta1/projects/bit2me-trading/adminSdkConfig 200
[debug] [2024-05-09T20:13:07.834Z] <<< [apiv2][body] GET https://firebase.googleapis.com/v1beta1/projects/bit2me-trading/adminSdkConfig {"projectId":"bit2me-trading","databaseURL":"https://bit2me-trading-default-rtdb.europe-west1.firebasedatabase.app","storageBucket":"bit2me-trading.appspot.com"}
[debug] [2024-05-09T20:13:07.835Z] >>> [apiv2][query] GET https://runtimeconfig.googleapis.com/v1beta1/projects/bit2me-trading/configs [none]
[debug] [2024-05-09T20:13:08.081Z] <<< [apiv2][status] GET https://runtimeconfig.googleapis.com/v1beta1/projects/bit2me-trading/configs 200
[debug] [2024-05-09T20:13:08.081Z] <<< [apiv2][body] GET https://runtimeconfig.googleapis.com/v1beta1/projects/bit2me-trading/configs {}
[debug] [2024-05-09T20:13:08.084Z] Validating nodejs source
[debug] [2024-05-09T20:13:08.620Z] > [functions] package.json contents: {
  "name": "functions",
  "description": "Cloud Functions for Firebase",
  "scripts": {
    "lint": "eslint .",
    "serve": "firebase emulators:start --only functions",
    "shell": "firebase functions:shell",
    "start": "npm run shell",
    "deploy": "firebase deploy --only functions",
    "logs": "firebase functions:log"
  },
  "engines": {
    "node": "18"
  },
  "main": "index.js",
  "dependencies": {
    "firebase-admin": "^12.1.0",
    "firebase-functions": "^5.0.0"
  },
  "devDependencies": {
    "eslint": "^8.15.0",
    "eslint-config-google": "^0.14.0",
    "firebase-functions-test": "^3.1.0"
  },
  "private": true
}
[debug] [2024-05-09T20:13:08.621Z] Building nodejs source
[info] i  functions: Loading and analyzing source code for codebase default to determine what to deploy 
[debug] [2024-05-09T20:13:08.623Z] Could not find functions.yaml. Must use http discovery
[debug] [2024-05-09T20:13:08.631Z] Found firebase-functions binary at '/home/jlm/develop/bit2me-trading-bot/firebase-functions/node_modules/.bin/firebase-functions'
[info] Serving at port 8831

[debug] [2024-05-09T20:13:08.879Z] Got response from /__/functions.yaml {"endpoints":{"helloWorld":{"availableMemoryMb":null,"timeoutSeconds":null,"minInstances":null,"maxInstances":null,"ingressSettings":null,"concurrency":null,"serviceAccountEmail":null,"vpc":null,"platform":"gcfv2","labels":{},"httpsTrigger":{},"entryPoint":"helloWorld"},"candles":{"availableMemoryMb":null,"timeoutSeconds":null,"minInstances":null,"maxInstances":null,"ingressSettings":null,"concurrency":null,"serviceAccountEmail":null,"vpc":null,"platform":"gcfv2","labels":{},"httpsTrigger":{},"entryPoint":"candles"}},"specVersion":"v1alpha1","requiredAPIs":[]}
[info] i  functions: preparing firebase-functions directory for uploading... 
[info] i  functions: packaged /home/jlm/develop/bit2me-trading-bot/firebase-functions (73.18 KB) for uploading 
[debug] [2024-05-09T20:13:13.955Z] >>> [apiv2][query] GET https://cloudfunctions.googleapis.com/v1/projects/bit2me-trading/locations/-/functions [none]
[debug] [2024-05-09T20:13:14.519Z] <<< [apiv2][status] GET https://cloudfunctions.googleapis.com/v1/projects/bit2me-trading/locations/-/functions 200
[debug] [2024-05-09T20:13:14.520Z] <<< [apiv2][body] GET https://cloudfunctions.googleapis.com/v1/projects/bit2me-trading/locations/-/functions {}
[debug] [2024-05-09T20:13:14.522Z] >>> [apiv2][query] GET https://cloudfunctions.googleapis.com/v2/projects/bit2me-trading/locations/-/functions filter=environment%3D%22GEN_2%22
[debug] [2024-05-09T20:13:15.461Z] <<< [apiv2][status] GET https://cloudfunctions.googleapis.com/v2/projects/bit2me-trading/locations/-/functions 200
[debug] [2024-05-09T20:13:15.461Z] <<< [apiv2][body] GET https://cloudfunctions.googleapis.com/v2/projects/bit2me-trading/locations/-/functions {"functions":[{"name":"projects/bit2me-trading/locations/us-central1/functions/candles","buildConfig":{"build":"projects/353175042330/locations/us-central1/builds/64433b15-2bea-429a-ab0f-4b444fd80c8b","runtime":"nodejs18","entryPoint":"candles","source":{"storageSource":{"bucket":"gcf-v2-sources-353175042330-us-central1","object":"candles/function-source.zip","generation":"1715284940734210"}},"environmentVariables":{"GOOGLE_NODE_RUN_SCRIPTS":""},"dockerRepository":"projects/bit2me-trading/locations/us-central1/repositories/gcf-artifacts","sourceProvenance":{"resolvedStorageSource":{"bucket":"gcf-v2-sources-353175042330-us-central1","object":"candles/function-source.zip","generation":"1715284940734210"}},"dockerRegistry":"ARTIFACT_REGISTRY"},"serviceConfig":{"service":"projects/bit2me-trading/locations/us-central1/services/candles","timeoutSeconds":60,"environmentVariables":{"FIREBASE_CONFIG":"{\"projectId\":\"bit2me-trading\",\"databaseURL\":\"https://bit2me-trading-default-rtdb.europe-west1.firebasedatabase.app\",\"storageBucket\":\"bit2me-trading.appspot.com\"}","GCLOUD_PROJECT":"bit2me-trading","EVENTARC_CLOUD_EVENT_SOURCE":"projects/bit2me-trading/locations/us-central1/services/candles","FUNCTION_TARGET":"candles","FUNCTION_SIGNATURE_TYPE":"http"},"maxInstanceCount":100,"ingressSettings":"ALLOW_ALL","uri":"https://candles-iivwz62j7q-uc.a.run.app","serviceAccountEmail":"353175042330-compute@developer.gserviceaccount.com","availableMemory":"256Mi","allTrafficOnLatestRevision":true,"revision":"candles-00003-xud","maxInstanceRequestConcurrency":80,"availableCpu":"1"},"state":"ACTIVE","updateTime":"2024-05-09T20:02:28.371982482Z","labels":{"deployment-tool":"cli-firebase","firebase-functions-hash":"9fe2e22294ae859f8775ef5f3838cda1a52fdad9"},"environment":"GEN_2","url":"https://us-central1-bit2me-trading.cloudfunctions.net/candles","createTime":"2024-05-09T18:48:50.735613508Z"},{"name":"projects/bit2me-trading/locations/us-central1/functions/helloWorld","buildConfig":{"build":"projects/353175042330/locations/us-central1/builds/64433b15-2bea-429a-ab0f-4b444fd80c8b","runtime":"nodejs18","entryPoint":"helloWorld","source":{"storageSource":{"bucket":"gcf-v2-sources-353175042330-us-central1","object":"helloWorld/function-source.zip","generation":"1715284877299640"}},"environmentVariables":{"GOOGLE_NODE_RUN_SCRIPTS":""},"dockerRepository":"projects/bit2me-trading/locations/us-central1/repositories/gcf-artifacts","sourceProvenance":{"resolvedStorageSource":{"bucket":"gcf-v2-sources-353175042330-us-central1","object":"helloWorld/function-source.zip","generation":"1715284877299640"}},"dockerRegistry":"ARTIFACT_REGISTRY"},"serviceConfig":{"service":"projects/bit2me-trading/locations/us-central1/services/helloworld","timeoutSeconds":60,"environmentVariables":{"FIREBASE_CONFIG":"{\"projectId\":\"bit2me-trading\",\"databaseURL\":\"https://bit2me-trading-default-rtdb.europe-west1.firebasedatabase.app\",\"storageBucket\":\"bit2me-trading.appspot.com\"}","GCLOUD_PROJECT":"bit2me-trading","EVENTARC_CLOUD_EVENT_SOURCE":"projects/bit2me-trading/locations/us-central1/services/helloWorld","FUNCTION_TARGET":"helloWorld"},"maxInstanceCount":100,"ingressSettings":"ALLOW_ALL","uri":"https://helloworld-iivwz62j7q-uc.a.run.app","serviceAccountEmail":"353175042330-compute@developer.gserviceaccount.com","availableMemory":"256Mi","allTrafficOnLatestRevision":true,"revision":"helloworld-00003-jad","maxInstanceRequestConcurrency":80,"availableCpu":"1"},"state":"ACTIVE","updateTime":"2024-05-09T20:02:21.815418144Z","labels":{"deployment-tool":"cli-firebase","firebase-functions-hash":"9fe2e22294ae859f8775ef5f3838cda1a52fdad9"},"environment":"GEN_2","url":"https://us-central1-bit2me-trading.cloudfunctions.net/helloWorld","createTime":"2024-05-09T18:47:36.090265098Z"}]}
[info] i  functions: ensuring required API run.googleapis.com is enabled... 
[info] i  functions: ensuring required API eventarc.googleapis.com is enabled... 
[info] i  functions: ensuring required API pubsub.googleapis.com is enabled... 
[info] i  functions: ensuring required API storage.googleapis.com is enabled... 
[debug] [2024-05-09T20:13:15.466Z] >>> [apiv2][query] GET https://serviceusage.googleapis.com/v1/projects/bit2me-trading/services/run.googleapis.com [none]
[debug] [2024-05-09T20:13:15.466Z] >>> [apiv2][(partial)header] GET https://serviceusage.googleapis.com/v1/projects/bit2me-trading/services/run.googleapis.com x-goog-quota-user=projects/bit2me-trading
[debug] [2024-05-09T20:13:15.468Z] >>> [apiv2][query] GET https://serviceusage.googleapis.com/v1/projects/bit2me-trading/services/eventarc.googleapis.com [none]
[debug] [2024-05-09T20:13:15.468Z] >>> [apiv2][(partial)header] GET https://serviceusage.googleapis.com/v1/projects/bit2me-trading/services/eventarc.googleapis.com x-goog-quota-user=projects/bit2me-trading
[debug] [2024-05-09T20:13:15.470Z] >>> [apiv2][query] GET https://serviceusage.googleapis.com/v1/projects/bit2me-trading/services/pubsub.googleapis.com [none]
[debug] [2024-05-09T20:13:15.470Z] >>> [apiv2][(partial)header] GET https://serviceusage.googleapis.com/v1/projects/bit2me-trading/services/pubsub.googleapis.com x-goog-quota-user=projects/bit2me-trading
[debug] [2024-05-09T20:13:15.472Z] >>> [apiv2][query] GET https://serviceusage.googleapis.com/v1/projects/bit2me-trading/services/storage.googleapis.com [none]
[debug] [2024-05-09T20:13:15.472Z] >>> [apiv2][(partial)header] GET https://serviceusage.googleapis.com/v1/projects/bit2me-trading/services/storage.googleapis.com x-goog-quota-user=projects/bit2me-trading
[debug] [2024-05-09T20:13:16.406Z] <<< [apiv2][status] GET https://serviceusage.googleapis.com/v1/projects/bit2me-trading/services/run.googleapis.com 200
[debug] [2024-05-09T20:13:16.406Z] <<< [apiv2][body] GET https://serviceusage.googleapis.com/v1/projects/bit2me-trading/services/run.googleapis.com [omitted]
[info] ✔  functions: required API run.googleapis.com is enabled 
[debug] [2024-05-09T20:13:16.410Z] <<< [apiv2][status] GET https://serviceusage.googleapis.com/v1/projects/bit2me-trading/services/eventarc.googleapis.com 200
[debug] [2024-05-09T20:13:16.410Z] <<< [apiv2][body] GET https://serviceusage.googleapis.com/v1/projects/bit2me-trading/services/eventarc.googleapis.com [omitted]
[info] ✔  functions: required API eventarc.googleapis.com is enabled 
[debug] [2024-05-09T20:13:16.423Z] <<< [apiv2][status] GET https://serviceusage.googleapis.com/v1/projects/bit2me-trading/services/storage.googleapis.com 200
[debug] [2024-05-09T20:13:16.423Z] <<< [apiv2][body] GET https://serviceusage.googleapis.com/v1/projects/bit2me-trading/services/storage.googleapis.com [omitted]
[info] ✔  functions: required API storage.googleapis.com is enabled 
[debug] [2024-05-09T20:13:16.486Z] <<< [apiv2][status] GET https://serviceusage.googleapis.com/v1/projects/bit2me-trading/services/pubsub.googleapis.com 200
[debug] [2024-05-09T20:13:16.486Z] <<< [apiv2][body] GET https://serviceusage.googleapis.com/v1/projects/bit2me-trading/services/pubsub.googleapis.com [omitted]
[info] ✔  functions: required API pubsub.googleapis.com is enabled 
[info] i  functions: generating the service identity for pubsub.googleapis.com... 
[info] i  functions: generating the service identity for eventarc.googleapis.com... 
[debug] [2024-05-09T20:13:16.487Z] >>> [apiv2][query] POST https://serviceusage.googleapis.com/v1beta1/projects/353175042330/services/pubsub.googleapis.com:generateServiceIdentity [none]
[debug] [2024-05-09T20:13:16.488Z] >>> [apiv2][query] POST https://serviceusage.googleapis.com/v1beta1/projects/353175042330/services/eventarc.googleapis.com:generateServiceIdentity [none]
[debug] [2024-05-09T20:13:17.525Z] <<< [apiv2][status] POST https://serviceusage.googleapis.com/v1beta1/projects/353175042330/services/eventarc.googleapis.com:generateServiceIdentity 200
[debug] [2024-05-09T20:13:17.525Z] <<< [apiv2][body] POST https://serviceusage.googleapis.com/v1beta1/projects/353175042330/services/eventarc.googleapis.com:generateServiceIdentity {"name":"operations/finished.DONE_OPERATION","done":true,"response":{"@type":"type.googleapis.com/google.api.serviceusage.v1beta1.ServiceIdentity","email":"service-353175042330@gcp-sa-eventarc.iam.gserviceaccount.com","uniqueId":"101305810684194876704"}}
[debug] [2024-05-09T20:13:17.575Z] <<< [apiv2][status] POST https://serviceusage.googleapis.com/v1beta1/projects/353175042330/services/pubsub.googleapis.com:generateServiceIdentity 200
[debug] [2024-05-09T20:13:17.575Z] <<< [apiv2][body] POST https://serviceusage.googleapis.com/v1beta1/projects/353175042330/services/pubsub.googleapis.com:generateServiceIdentity {"name":"operations/finished.DONE_OPERATION","done":true,"response":{"@type":"type.googleapis.com/google.api.serviceusage.v1beta1.ServiceIdentity","email":"service-353175042330@gcp-sa-pubsub.iam.gserviceaccount.com","uniqueId":"117085444727753090292"}}
[debug] [2024-05-09T20:13:17.578Z] >>> [apiv2][query] GET https://firebase.googleapis.com/v1beta1/projects/bit2me-trading [none]
[debug] [2024-05-09T20:13:17.784Z] <<< [apiv2][status] GET https://firebase.googleapis.com/v1beta1/projects/bit2me-trading 200
[debug] [2024-05-09T20:13:17.785Z] <<< [apiv2][body] GET https://firebase.googleapis.com/v1beta1/projects/bit2me-trading {"projectId":"bit2me-trading","projectNumber":"353175042330","displayName":"bit2me-trading","name":"projects/bit2me-trading","resources":{"hostingSite":"bit2me-trading","realtimeDatabaseInstance":"bit2me-trading-default-rtdb"},"state":"ACTIVE","etag":"1_5a21a238-d33f-4e09-969d-03afb14a8c90"}
[debug] [2024-05-09T20:13:17.787Z] >>> [apiv2][query] POST https://cloudfunctions.googleapis.com/v2/projects/bit2me-trading/locations/us-central1/functions:generateUploadUrl [none]
[debug] [2024-05-09T20:13:18.543Z] <<< [apiv2][status] POST https://cloudfunctions.googleapis.com/v2/projects/bit2me-trading/locations/us-central1/functions:generateUploadUrl 200
[debug] [2024-05-09T20:13:18.543Z] <<< [apiv2][body] POST https://cloudfunctions.googleapis.com/v2/projects/bit2me-trading/locations/us-central1/functions:generateUploadUrl {"uploadUrl":"https://storage.googleapis.com/gcf-v2-uploads-353175042330-us-central1/07cb3fe1-9dd7-4842-9d83-7cb3c5995418.zip?GoogleAccessId=service-353175042330@gcf-admin-robot.iam.gserviceaccount.com&Expires=1715287398&Signature=FSFFSe60B%2FQrACrfLAjM7R8RjOsUnMG%2FLaHzKtAcjgSNQTCPs2JQAeWk4rg1ZJO49Ky0W2D49ORmd7qMfC8SLiuuli0%2FLacz4jmezrsQJ8kdR8c1M0JRFMPqMLmIbsd7NXmY9W7GArVemQsSSFN%2FBPl5etln5uU333YlrYytiXex%2FbB0HV0vOALvk%2F7FK1Xf7UEU8HExnAHIuJalnKzvmwvMVgyt3ortVhz0sHGxPLtYkARvVX0B7PihiFf0cVtMcUbVj4nqIWB%2FQ5z1ZsfFRHEf0un%2FQ2g%2FYlPZuZRqZsMf6HF4KYdLP4AkSmrmMr%2FxAYxDXQhfK7IHkhpmYZV2iA%3D%3D","storageSource":{"bucket":"gcf-v2-uploads-353175042330-us-central1","object":"07cb3fe1-9dd7-4842-9d83-7cb3c5995418.zip"}}
[debug] [2024-05-09T20:13:18.544Z] >>> [apiv2][query] PUT https://storage.googleapis.com/gcf-v2-uploads-353175042330-us-central1/07cb3fe1-9dd7-4842-9d83-7cb3c5995418.zip GoogleAccessId=service-353175042330%40gcf-admin-robot.iam.gserviceaccount.com&Expires=1715287398&Signature=FSFFSe60B%2FQrACrfLAjM7R8RjOsUnMG%2FLaHzKtAcjgSNQTCPs2JQAeWk4rg1ZJO49Ky0W2D49ORmd7qMfC8SLiuuli0%2FLacz4jmezrsQJ8kdR8c1M0JRFMPqMLmIbsd7NXmY9W7GArVemQsSSFN%2FBPl5etln5uU333YlrYytiXex%2FbB0HV0vOALvk%2F7FK1Xf7UEU8HExnAHIuJalnKzvmwvMVgyt3ortVhz0sHGxPLtYkARvVX0B7PihiFf0cVtMcUbVj4nqIWB%2FQ5z1ZsfFRHEf0un%2FQ2g%2FYlPZuZRqZsMf6HF4KYdLP4AkSmrmMr%2FxAYxDXQhfK7IHkhpmYZV2iA%3D%3D
[debug] [2024-05-09T20:13:18.544Z] >>> [apiv2][body] PUT https://storage.googleapis.com/gcf-v2-uploads-353175042330-us-central1/07cb3fe1-9dd7-4842-9d83-7cb3c5995418.zip [stream]
[debug] [2024-05-09T20:13:19.103Z] <<< [apiv2][status] PUT https://storage.googleapis.com/gcf-v2-uploads-353175042330-us-central1/07cb3fe1-9dd7-4842-9d83-7cb3c5995418.zip 200
[debug] [2024-05-09T20:13:19.103Z] <<< [apiv2][body] PUT https://storage.googleapis.com/gcf-v2-uploads-353175042330-us-central1/07cb3fe1-9dd7-4842-9d83-7cb3c5995418.zip [omitted]
[info] ✔  functions: firebase-functions folder uploaded successfully 
[info] i  functions: updating Node.js 18 (2nd Gen) function helloWorld(us-central1)... 
[info] i  functions: updating Node.js 18 (2nd Gen) function candles(us-central1)... 
[debug] [2024-05-09T20:13:19.112Z] >>> [apiv2][query] PATCH https://cloudfunctions.googleapis.com/v2/projects/bit2me-trading/locations/us-central1/functions/helloWorld updateMask=name%2CbuildConfig.runtime%2CbuildConfig.entryPoint%2CbuildConfig.source.storageSource.bucket%2CbuildConfig.source.storageSource.object%2CbuildConfig.environmentVariables%2CbuildConfig.sourceToken%2CserviceConfig.environmentVariables%2CserviceConfig.ingressSettings%2CserviceConfig.timeoutSeconds%2CserviceConfig.serviceAccountEmail%2CserviceConfig.availableMemory%2CserviceConfig.minInstanceCount%2CserviceConfig.maxInstanceCount%2CserviceConfig.maxInstanceRequestConcurrency%2CserviceConfig.availableCpu%2CserviceConfig.vpcConnector%2CserviceConfig.vpcConnectorEgressSettings%2Clabels%2CbuildConfig.buildEnvironmentVariables
[debug] [2024-05-09T20:13:19.112Z] >>> [apiv2][body] PATCH https://cloudfunctions.googleapis.com/v2/projects/bit2me-trading/locations/us-central1/functions/helloWorld {"name":"projects/bit2me-trading/locations/us-central1/functions/helloWorld","buildConfig":{"runtime":"nodejs18","entryPoint":"helloWorld","source":{"storageSource":{"bucket":"gcf-v2-uploads-353175042330-us-central1","object":"07cb3fe1-9dd7-4842-9d83-7cb3c5995418.zip"}},"environmentVariables":{"GOOGLE_NODE_RUN_SCRIPTS":""}},"serviceConfig":{"environmentVariables":{"FIREBASE_CONFIG":"{\"projectId\":\"bit2me-trading\",\"databaseURL\":\"https://bit2me-trading-default-rtdb.europe-west1.firebasedatabase.app\",\"storageBucket\":\"bit2me-trading.appspot.com\"}","GCLOUD_PROJECT":"bit2me-trading","EVENTARC_CLOUD_EVENT_SOURCE":"projects/bit2me-trading/locations/us-central1/services/helloWorld","FUNCTION_TARGET":"helloWorld"},"ingressSettings":null,"timeoutSeconds":null,"serviceAccountEmail":null,"availableMemory":"256Mi","minInstanceCount":null,"maxInstanceCount":null,"maxInstanceRequestConcurrency":80,"availableCpu":"1","vpcConnector":null,"vpcConnectorEgressSettings":null},"labels":{"deployment-tool":"cli-firebase","firebase-functions-hash":"bf7b9aeccbc9c3e25f0ac25033bd817c72062f16"}}
[debug] [2024-05-09T20:13:20.657Z] <<< [apiv2][status] PATCH https://cloudfunctions.googleapis.com/v2/projects/bit2me-trading/locations/us-central1/functions/helloWorld 200
[debug] [2024-05-09T20:13:20.658Z] <<< [apiv2][body] PATCH https://cloudfunctions.googleapis.com/v2/projects/bit2me-trading/locations/us-central1/functions/helloWorld {"name":"projects/bit2me-trading/locations/us-central1/operations/operation-1715285599719-6180b0cdc1228-f15e1fc9-c0dce7b7","metadata":{"@type":"type.googleapis.com/google.cloud.functions.v2.OperationMetadata","createTime":"2024-05-09T20:13:20.568019666Z","target":"projects/bit2me-trading/locations/us-central1/functions/helloWorld","verb":"update","cancelRequested":false,"apiVersion":"v2"},"done":false}
[debug] [2024-05-09T20:13:20.660Z] >>> [apiv2][query] GET https://cloudfunctions.googleapis.com/v2/projects/bit2me-trading/locations/us-central1/operations/operation-1715285599719-6180b0cdc1228-f15e1fc9-c0dce7b7 [none]
[debug] [2024-05-09T20:13:21.345Z] <<< [apiv2][status] GET https://cloudfunctions.googleapis.com/v2/projects/bit2me-trading/locations/us-central1/operations/operation-1715285599719-6180b0cdc1228-f15e1fc9-c0dce7b7 200
[debug] [2024-05-09T20:13:21.345Z] <<< [apiv2][body] GET https://cloudfunctions.googleapis.com/v2/projects/bit2me-trading/locations/us-central1/operations/operation-1715285599719-6180b0cdc1228-f15e1fc9-c0dce7b7 {"name":"projects/bit2me-trading/locations/us-central1/operations/operation-1715285599719-6180b0cdc1228-f15e1fc9-c0dce7b7","metadata":{"@type":"type.googleapis.com/google.cloud.functions.v2.OperationMetadata","createTime":"2024-05-09T20:13:20.568019666Z","target":"projects/bit2me-trading/locations/us-central1/functions/helloWorld","verb":"update","cancelRequested":false,"apiVersion":"v2","requestResource":{"@type":"type.googleapis.com/google.cloud.functions.v2.Function","name":"projects/bit2me-trading/locations/us-central1/functions/helloWorld","buildConfig":{"runtime":"nodejs18","entryPoint":"helloWorld","source":{"storageSource":{"bucket":"gcf-v2-sources-353175042330-us-central1","object":"helloWorld/function-source.zip","generation":"1715285600533226"}},"environmentVariables":{"GOOGLE_NODE_RUN_SCRIPTS":""},"dockerRepository":"projects/bit2me-trading/locations/us-central1/repositories/gcf-artifacts","sourceProvenance":{"resolvedStorageSource":{"bucket":"gcf-v2-sources-353175042330-us-central1","object":"helloWorld/function-source.zip","generation":"1715284877299640"}},"dockerRegistry":"ARTIFACT_REGISTRY"},"serviceConfig":{"service":"projects/bit2me-trading/locations/us-central1/services/helloworld","timeoutSeconds":60,"environmentVariables":{"FIREBASE_CONFIG":"{\"projectId\":\"bit2me-trading\",\"databaseURL\":\"https://bit2me-trading-default-rtdb.europe-west1.firebasedatabase.app\",\"storageBucket\":\"bit2me-trading.appspot.com\"}","GCLOUD_PROJECT":"bit2me-trading","EVENTARC_CLOUD_EVENT_SOURCE":"projects/bit2me-trading/locations/us-central1/services/helloWorld","FUNCTION_TARGET":"helloWorld"},"ingressSettings":"ALLOW_ALL","uri":"https://helloworld-iivwz62j7q-uc.a.run.app","serviceAccountEmail":"353175042330-compute@developer.gserviceaccount.com","availableMemory":"256Mi","allTrafficOnLatestRevision":true,"revision":"helloworld-00003-jad","maxInstanceRequestConcurrency":80,"availableCpu":"1"},"state":"ACTIVE","labels":{"deployment-tool":"cli-firebase","firebase-functions-hash":"bf7b9aeccbc9c3e25f0ac25033bd817c72062f16"},"environment":"GEN_2","url":"https://us-central1-bit2me-trading.cloudfunctions.net/helloWorld"},"stages":[{"name":"BUILD","state":"NOT_STARTED"},{"name":"SERVICE","state":"NOT_STARTED"}],"operationType":"UPDATE_FUNCTION"},"done":false}
[debug] [2024-05-09T20:13:21.848Z] [update-default-us-central1-helloWorld] Retrying task index 0
[debug] [2024-05-09T20:13:21.848Z] >>> [apiv2][query] GET https://cloudfunctions.googleapis.com/v2/projects/bit2me-trading/locations/us-central1/operations/operation-1715285599719-6180b0cdc1228-f15e1fc9-c0dce7b7 [none]
[debug] [2024-05-09T20:13:22.527Z] <<< [apiv2][status] GET https://cloudfunctions.googleapis.com/v2/projects/bit2me-trading/locations/us-central1/operations/operation-1715285599719-6180b0cdc1228-f15e1fc9-c0dce7b7 200
[debug] [2024-05-09T20:13:22.527Z] <<< [apiv2][body] GET https://cloudfunctions.googleapis.com/v2/projects/bit2me-trading/locations/us-central1/operations/operation-1715285599719-6180b0cdc1228-f15e1fc9-c0dce7b7 {"name":"projects/bit2me-trading/locations/us-central1/operations/operation-1715285599719-6180b0cdc1228-f15e1fc9-c0dce7b7","metadata":{"@type":"type.googleapis.com/google.cloud.functions.v2.OperationMetadata","createTime":"2024-05-09T20:13:20.568019666Z","target":"projects/bit2me-trading/locations/us-central1/functions/helloWorld","verb":"update","cancelRequested":false,"apiVersion":"v2","requestResource":{"@type":"type.googleapis.com/google.cloud.functions.v2.Function","name":"projects/bit2me-trading/locations/us-central1/functions/helloWorld","buildConfig":{"runtime":"nodejs18","entryPoint":"helloWorld","source":{"storageSource":{"bucket":"gcf-v2-sources-353175042330-us-central1","object":"helloWorld/function-source.zip","generation":"1715285600533226"}},"environmentVariables":{"GOOGLE_NODE_RUN_SCRIPTS":""},"dockerRepository":"projects/bit2me-trading/locations/us-central1/repositories/gcf-artifacts","sourceProvenance":{"resolvedStorageSource":{"bucket":"gcf-v2-sources-353175042330-us-central1","object":"helloWorld/function-source.zip","generation":"1715284877299640"}},"dockerRegistry":"ARTIFACT_REGISTRY"},"serviceConfig":{"service":"projects/bit2me-trading/locations/us-central1/services/helloworld","timeoutSeconds":60,"environmentVariables":{"FIREBASE_CONFIG":"{\"projectId\":\"bit2me-trading\",\"databaseURL\":\"https://bit2me-trading-default-rtdb.europe-west1.firebasedatabase.app\",\"storageBucket\":\"bit2me-trading.appspot.com\"}","GCLOUD_PROJECT":"bit2me-trading","EVENTARC_CLOUD_EVENT_SOURCE":"projects/bit2me-trading/locations/us-central1/services/helloWorld","FUNCTION_TARGET":"helloWorld"},"ingressSettings":"ALLOW_ALL","uri":"https://helloworld-iivwz62j7q-uc.a.run.app","serviceAccountEmail":"353175042330-compute@developer.gserviceaccount.com","availableMemory":"256Mi","allTrafficOnLatestRevision":true,"revision":"helloworld-00003-jad","maxInstanceRequestConcurrency":80,"availableCpu":"1"},"state":"ACTIVE","labels":{"deployment-tool":"cli-firebase","firebase-functions-hash":"bf7b9aeccbc9c3e25f0ac25033bd817c72062f16"},"environment":"GEN_2","url":"https://us-central1-bit2me-trading.cloudfunctions.net/helloWorld"},"stages":[{"name":"BUILD","message":"Build in progress","state":"IN_PROGRESS","resource":"projects/353175042330/locations/us-central1/builds/229a9e12-1326-43c6-864a-cb357bb50b98","resourceUri":"https://console.cloud.google.com/cloud-build/builds;region=us-central1/229a9e12-1326-43c6-864a-cb357bb50b98?project=353175042330"},{"name":"SERVICE","state":"NOT_STARTED"}],"operationType":"UPDATE_FUNCTION"},"done":false}
[debug] [2024-05-09T20:13:23.529Z] [update-default-us-central1-helloWorld] Retrying task index 0
[debug] [2024-05-09T20:13:23.529Z] >>> [apiv2][query] GET https://cloudfunctions.googleapis.com/v2/projects/bit2me-trading/locations/us-central1/operations/operation-1715285599719-6180b0cdc1228-f15e1fc9-c0dce7b7 [none]
[debug] [2024-05-09T20:13:24.204Z] <<< [apiv2][status] GET https://cloudfunctions.googleapis.com/v2/projects/bit2me-trading/locations/us-central1/operations/operation-1715285599719-6180b0cdc1228-f15e1fc9-c0dce7b7 200
[debug] [2024-05-09T20:13:24.204Z] <<< [apiv2][body] GET https://cloudfunctions.googleapis.com/v2/projects/bit2me-trading/locations/us-central1/operations/operation-1715285599719-6180b0cdc1228-f15e1fc9-c0dce7b7 {"name":"projects/bit2me-trading/locations/us-central1/operations/operation-1715285599719-6180b0cdc1228-f15e1fc9-c0dce7b7","metadata":{"@type":"type.googleapis.com/google.cloud.functions.v2.OperationMetadata","createTime":"2024-05-09T20:13:20.568019666Z","target":"projects/bit2me-trading/locations/us-central1/functions/helloWorld","verb":"update","cancelRequested":false,"apiVersion":"v2","requestResource":{"@type":"type.googleapis.com/google.cloud.functions.v2.Function","name":"projects/bit2me-trading/locations/us-central1/functions/helloWorld","buildConfig":{"runtime":"nodejs18","entryPoint":"helloWorld","source":{"storageSource":{"bucket":"gcf-v2-sources-353175042330-us-central1","object":"helloWorld/function-source.zip","generation":"1715285600533226"}},"environmentVariables":{"GOOGLE_NODE_RUN_SCRIPTS":""},"dockerRepository":"projects/bit2me-trading/locations/us-central1/repositories/gcf-artifacts","sourceProvenance":{"resolvedStorageSource":{"bucket":"gcf-v2-sources-353175042330-us-central1","object":"helloWorld/function-source.zip","generation":"1715284877299640"}},"dockerRegistry":"ARTIFACT_REGISTRY"},"serviceConfig":{"service":"projects/bit2me-trading/locations/us-central1/services/helloworld","timeoutSeconds":60,"environmentVariables":{"FIREBASE_CONFIG":"{\"projectId\":\"bit2me-trading\",\"databaseURL\":\"https://bit2me-trading-default-rtdb.europe-west1.firebasedatabase.app\",\"storageBucket\":\"bit2me-trading.appspot.com\"}","GCLOUD_PROJECT":"bit2me-trading","EVENTARC_CLOUD_EVENT_SOURCE":"projects/bit2me-trading/locations/us-central1/services/helloWorld","FUNCTION_TARGET":"helloWorld"},"ingressSettings":"ALLOW_ALL","uri":"https://helloworld-iivwz62j7q-uc.a.run.app","serviceAccountEmail":"353175042330-compute@developer.gserviceaccount.com","availableMemory":"256Mi","allTrafficOnLatestRevision":true,"revision":"helloworld-00003-jad","maxInstanceRequestConcurrency":80,"availableCpu":"1"},"state":"ACTIVE","labels":{"deployment-tool":"cli-firebase","firebase-functions-hash":"bf7b9aeccbc9c3e25f0ac25033bd817c72062f16"},"environment":"GEN_2","url":"https://us-central1-bit2me-trading.cloudfunctions.net/helloWorld"},"stages":[{"name":"BUILD","message":"Build in progress","state":"IN_PROGRESS","resource":"projects/353175042330/locations/us-central1/builds/229a9e12-1326-43c6-864a-cb357bb50b98","resourceUri":"https://console.cloud.google.com/cloud-build/builds;region=us-central1/229a9e12-1326-43c6-864a-cb357bb50b98?project=353175042330"},{"name":"SERVICE","state":"NOT_STARTED"}],"operationType":"UPDATE_FUNCTION"},"done":false}
[debug] [2024-05-09T20:13:26.207Z] [update-default-us-central1-helloWorld] Retrying task index 0
[debug] [2024-05-09T20:13:26.207Z] >>> [apiv2][query] GET https://cloudfunctions.googleapis.com/v2/projects/bit2me-trading/locations/us-central1/operations/operation-1715285599719-6180b0cdc1228-f15e1fc9-c0dce7b7 [none]
[debug] [2024-05-09T20:13:26.879Z] <<< [apiv2][status] GET https://cloudfunctions.googleapis.com/v2/projects/bit2me-trading/locations/us-central1/operations/operation-1715285599719-6180b0cdc1228-f15e1fc9-c0dce7b7 200
[debug] [2024-05-09T20:13:26.879Z] <<< [apiv2][body] GET https://cloudfunctions.googleapis.com/v2/projects/bit2me-trading/locations/us-central1/operations/operation-1715285599719-6180b0cdc1228-f15e1fc9-c0dce7b7 {"name":"projects/bit2me-trading/locations/us-central1/operations/operation-1715285599719-6180b0cdc1228-f15e1fc9-c0dce7b7","metadata":{"@type":"type.googleapis.com/google.cloud.functions.v2.OperationMetadata","createTime":"2024-05-09T20:13:20.568019666Z","target":"projects/bit2me-trading/locations/us-central1/functions/helloWorld","verb":"update","cancelRequested":false,"apiVersion":"v2","requestResource":{"@type":"type.googleapis.com/google.cloud.functions.v2.Function","name":"projects/bit2me-trading/locations/us-central1/functions/helloWorld","buildConfig":{"runtime":"nodejs18","entryPoint":"helloWorld","source":{"storageSource":{"bucket":"gcf-v2-sources-353175042330-us-central1","object":"helloWorld/function-source.zip","generation":"1715285600533226"}},"environmentVariables":{"GOOGLE_NODE_RUN_SCRIPTS":""},"dockerRepository":"projects/bit2me-trading/locations/us-central1/repositories/gcf-artifacts","sourceProvenance":{"resolvedStorageSource":{"bucket":"gcf-v2-sources-353175042330-us-central1","object":"helloWorld/function-source.zip","generation":"1715284877299640"}},"dockerRegistry":"ARTIFACT_REGISTRY"},"serviceConfig":{"service":"projects/bit2me-trading/locations/us-central1/services/helloworld","timeoutSeconds":60,"environmentVariables":{"FIREBASE_CONFIG":"{\"projectId\":\"bit2me-trading\",\"databaseURL\":\"https://bit2me-trading-default-rtdb.europe-west1.firebasedatabase.app\",\"storageBucket\":\"bit2me-trading.appspot.com\"}","GCLOUD_PROJECT":"bit2me-trading","EVENTARC_CLOUD_EVENT_SOURCE":"projects/bit2me-trading/locations/us-central1/services/helloWorld","FUNCTION_TARGET":"helloWorld"},"ingressSettings":"ALLOW_ALL","uri":"https://helloworld-iivwz62j7q-uc.a.run.app","serviceAccountEmail":"353175042330-compute@developer.gserviceaccount.com","availableMemory":"256Mi","allTrafficOnLatestRevision":true,"revision":"helloworld-00003-jad","maxInstanceRequestConcurrency":80,"availableCpu":"1"},"state":"ACTIVE","labels":{"deployment-tool":"cli-firebase","firebase-functions-hash":"bf7b9aeccbc9c3e25f0ac25033bd817c72062f16"},"environment":"GEN_2","url":"https://us-central1-bit2me-trading.cloudfunctions.net/helloWorld"},"stages":[{"name":"BUILD","message":"Build in progress","state":"IN_PROGRESS","resource":"projects/353175042330/locations/us-central1/builds/229a9e12-1326-43c6-864a-cb357bb50b98","resourceUri":"https://console.cloud.google.com/cloud-build/builds;region=us-central1/229a9e12-1326-43c6-864a-cb357bb50b98?project=353175042330"},{"name":"SERVICE","state":"NOT_STARTED"}],"operationType":"UPDATE_FUNCTION"},"done":false}
[debug] [2024-05-09T20:13:30.882Z] [update-default-us-central1-helloWorld] Retrying task index 0
[debug] [2024-05-09T20:13:30.882Z] >>> [apiv2][query] GET https://cloudfunctions.googleapis.com/v2/projects/bit2me-trading/locations/us-central1/operations/operation-1715285599719-6180b0cdc1228-f15e1fc9-c0dce7b7 [none]
[debug] [2024-05-09T20:13:31.568Z] <<< [apiv2][status] GET https://cloudfunctions.googleapis.com/v2/projects/bit2me-trading/locations/us-central1/operations/operation-1715285599719-6180b0cdc1228-f15e1fc9-c0dce7b7 200
[debug] [2024-05-09T20:13:31.569Z] <<< [apiv2][body] GET https://cloudfunctions.googleapis.com/v2/projects/bit2me-trading/locations/us-central1/operations/operation-1715285599719-6180b0cdc1228-f15e1fc9-c0dce7b7 {"name":"projects/bit2me-trading/locations/us-central1/operations/operation-1715285599719-6180b0cdc1228-f15e1fc9-c0dce7b7","metadata":{"@type":"type.googleapis.com/google.cloud.functions.v2.OperationMetadata","createTime":"2024-05-09T20:13:20.568019666Z","target":"projects/bit2me-trading/locations/us-central1/functions/helloWorld","verb":"update","cancelRequested":false,"apiVersion":"v2","requestResource":{"@type":"type.googleapis.com/google.cloud.functions.v2.Function","name":"projects/bit2me-trading/locations/us-central1/functions/helloWorld","buildConfig":{"runtime":"nodejs18","entryPoint":"helloWorld","source":{"storageSource":{"bucket":"gcf-v2-sources-353175042330-us-central1","object":"helloWorld/function-source.zip","generation":"1715285600533226"}},"environmentVariables":{"GOOGLE_NODE_RUN_SCRIPTS":""},"dockerRepository":"projects/bit2me-trading/locations/us-central1/repositories/gcf-artifacts","sourceProvenance":{"resolvedStorageSource":{"bucket":"gcf-v2-sources-353175042330-us-central1","object":"helloWorld/function-source.zip","generation":"1715284877299640"}},"dockerRegistry":"ARTIFACT_REGISTRY"},"serviceConfig":{"service":"projects/bit2me-trading/locations/us-central1/services/helloworld","timeoutSeconds":60,"environmentVariables":{"FIREBASE_CONFIG":"{\"projectId\":\"bit2me-trading\",\"databaseURL\":\"https://bit2me-trading-default-rtdb.europe-west1.firebasedatabase.app\",\"storageBucket\":\"bit2me-trading.appspot.com\"}","GCLOUD_PROJECT":"bit2me-trading","EVENTARC_CLOUD_EVENT_SOURCE":"projects/bit2me-trading/locations/us-central1/services/helloWorld","FUNCTION_TARGET":"helloWorld"},"ingressSettings":"ALLOW_ALL","uri":"https://helloworld-iivwz62j7q-uc.a.run.app","serviceAccountEmail":"353175042330-compute@developer.gserviceaccount.com","availableMemory":"256Mi","allTrafficOnLatestRevision":true,"revision":"helloworld-00003-jad","maxInstanceRequestConcurrency":80,"availableCpu":"1"},"state":"ACTIVE","labels":{"deployment-tool":"cli-firebase","firebase-functions-hash":"bf7b9aeccbc9c3e25f0ac25033bd817c72062f16"},"environment":"GEN_2","url":"https://us-central1-bit2me-trading.cloudfunctions.net/helloWorld"},"stages":[{"name":"BUILD","message":"Build in progress","state":"IN_PROGRESS","resource":"projects/353175042330/locations/us-central1/builds/229a9e12-1326-43c6-864a-cb357bb50b98","resourceUri":"https://console.cloud.google.com/cloud-build/builds;region=us-central1/229a9e12-1326-43c6-864a-cb357bb50b98?project=353175042330"},{"name":"SERVICE","state":"NOT_STARTED"}],"operationType":"UPDATE_FUNCTION"},"done":false}
